{"/Users/williampickeral/WebstormProjects/uistudio-core/packages/Switch/src/Switch.tsx": {"path":"/Users/williampickeral/WebstormProjects/uistudio-core/packages/Switch/src/Switch.tsx","statementMap":{"0":{"start":{"line":4,"column":0},"end":{"line":4,"column":39}},"1":{"start":{"line":37,"column":22},"end":{"line":174,"column":5}},"2":{"start":{"line":38,"column":6},"end":{"line":38,"column":13}},"3":{"start":{"line":38,"column":13},"end":{"line":38,"column":null}},"4":{"start":{"line":39,"column":11},"end":{"line":39,"column":null}},"5":{"start":{"line":40,"column":17},"end":{"line":40,"column":null}},"6":{"start":{"line":41,"column":15},"end":{"line":41,"column":null}},"7":{"start":{"line":42,"column":6},"end":{"line":42,"column":19}},"8":{"start":{"line":42,"column":19},"end":{"line":42,"column":null}},"9":{"start":{"line":43,"column":24},"end":{"line":43,"column":null}},"10":{"start":{"line":44,"column":17},"end":{"line":44,"column":null}},"11":{"start":{"line":47,"column":46},"end":{"line":47,"column":69}},"12":{"start":{"line":47,"column":25},"end":{"line":47,"column":27}},"13":{"start":{"line":47,"column":42},"end":{"line":47,"column":46}},"14":{"start":{"line":50,"column":8},"end":{"line":50,"column":33}},"15":{"start":{"line":51,"column":8},"end":{"line":51,"column":39}},"16":{"start":{"line":55,"column":6},"end":{"line":61,"column":20}},"17":{"start":{"line":56,"column":8},"end":{"line":60,"column":null}},"18":{"start":{"line":57,"column":10},"end":{"line":57,"column":32}},"19":{"start":{"line":59,"column":10},"end":{"line":59,"column":33}},"20":{"start":{"line":63,"column":6},"end":{"line":173,"column":8}},"21":{"start":{"line":37,"column":13},"end":{"line":37,"column":22}}},"fnMap":{"0":{"name":"(anonymous_8)","decl":{"start":{"line":37,"column":22},"end":{"line":37,"column":23}},"loc":{"start":{"line":45,"column":18},"end":{"line":174,"column":5}}},"1":{"name":"toggleCheckedState","decl":{"start":{"line":49,"column":15},"end":{"line":49,"column":33}},"loc":{"start":{"line":49,"column":70},"end":{"line":52,"column":7}}},"2":{"name":"(anonymous_10)","decl":{"start":{"line":55,"column":16},"end":{"line":55,"column":null}},"loc":{"start":{"line":55,"column":16},"end":{"line":61,"column":7}}}},"branchMap":{"0":{"loc":{"start":{"line":38,"column":13},"end":{"line":38,"column":null}},"type":"cond-expr","locations":[{"start":{"line":38,"column":16},"end":{"line":38,"column":21}},{"start":{"line":38,"column":21},"end":{"line":38,"column":null}}]},"1":{"loc":{"start":{"line":42,"column":19},"end":{"line":42,"column":null}},"type":"cond-expr","locations":[{"start":{"line":42,"column":22},"end":{"line":42,"column":27}},{"start":{"line":42,"column":27},"end":{"line":42,"column":null}}]},"2":{"loc":{"start":{"line":56,"column":8},"end":{"line":60,"column":null}},"type":"if","locations":[{"start":{"line":56,"column":8},"end":{"line":60,"column":null}},{"start":{"line":58,"column":15},"end":{"line":60,"column":null}}]},"3":{"loc":{"start":{"line":65,"column":13},"end":{"line":104,"column":20}},"type":"cond-expr","locations":[{"start":{"line":66,"column":16},"end":{"line":102,"column":null}},{"start":{"line":104,"column":16},"end":{"line":104,"column":20}}]},"4":{"loc":{"start":{"line":65,"column":13},"end":{"line":65,"column":34}},"type":"binary-expr","locations":[{"start":{"line":65,"column":13},"end":{"line":65,"column":18}},{"start":{"line":65,"column":22},"end":{"line":65,"column":34}}]},"5":{"loc":{"start":{"line":67,"column":19},"end":{"line":94,"column":null}},"type":"cond-expr","locations":[{"start":{"line":68,"column":22},"end":{"line":80,"column":null}},{"start":{"line":83,"column":22},"end":{"line":94,"column":null}}]},"6":{"loc":{"start":{"line":69,"column":60},"end":{"line":71,"column":35}},"type":"cond-expr","locations":[{"start":{"line":70,"column":33},"end":{"line":70,"column":62}},{"start":{"line":71,"column":33},"end":{"line":71,"column":35}}]},"7":{"loc":{"start":{"line":85,"column":59},"end":{"line":87,"column":34}},"type":"cond-expr","locations":[{"start":{"line":86,"column":32},"end":{"line":86,"column":61}},{"start":{"line":87,"column":32},"end":{"line":87,"column":34}}]},"8":{"loc":{"start":{"line":106,"column":13},"end":{"line":171,"column":22}},"type":"cond-expr","locations":[{"start":{"line":107,"column":16},"end":{"line":168,"column":null}},{"start":{"line":171,"column":18},"end":{"line":171,"column":22}}]},"9":{"loc":{"start":{"line":106,"column":13},"end":{"line":106,"column":33}},"type":"binary-expr","locations":[{"start":{"line":106,"column":13},"end":{"line":106,"column":24}},{"start":{"line":106,"column":28},"end":{"line":106,"column":33}}]},"10":{"loc":{"start":{"line":108,"column":19},"end":{"line":167,"column":null}},"type":"cond-expr","locations":[{"start":{"line":109,"column":22},"end":{"line":138,"column":null}},{"start":{"line":141,"column":22},"end":{"line":167,"column":null}}]},"11":{"loc":{"start":{"line":111,"column":62},"end":{"line":113,"column":37}},"type":"cond-expr","locations":[{"start":{"line":112,"column":35},"end":{"line":112,"column":64}},{"start":{"line":113,"column":35},"end":{"line":113,"column":37}}]},"12":{"loc":{"start":{"line":142,"column":65},"end":{"line":144,"column":32}},"type":"cond-expr","locations":[{"start":{"line":143,"column":30},"end":{"line":143,"column":59}},{"start":{"line":144,"column":30},"end":{"line":144,"column":32}}]}},"s":{"0":1,"1":1,"2":4,"3":4,"4":4,"5":4,"6":4,"7":4,"8":4,"9":4,"10":4,"11":4,"12":4,"13":4,"14":0,"15":0,"16":4,"17":4,"18":0,"19":4,"20":4,"21":1},"f":{"0":4,"1":0,"2":4},"b":{"0":[0,4],"1":[2,2],"2":[0,4],"3":[2,2],"4":[4,4],"5":[1,1],"6":[0,1],"7":[0,1],"8":[2,2],"9":[4,2],"10":[1,1],"11":[0,1],"12":[0,1]}}
}
