TN:
SF:src/Switch.tsx
FN:37,(anonymous_8)
FN:49,toggleCheckedState
FN:55,(anonymous_10)
FNF:3
FNH:2
FNDA:4,(anonymous_8)
FNDA:0,toggleCheckedState
FNDA:4,(anonymous_10)
DA:4,1
DA:37,1
DA:38,4
DA:39,4
DA:40,4
DA:41,4
DA:42,4
DA:43,4
DA:44,4
DA:47,4
DA:50,0
DA:51,0
DA:55,4
DA:56,4
DA:57,0
DA:59,4
DA:63,4
LF:17
LH:14
BRDA:38,0,0,0
BRDA:38,0,1,4
BRDA:42,1,0,2
BRDA:42,1,1,2
BRDA:56,2,0,0
BRDA:56,2,1,4
BRDA:65,3,0,2
BRDA:65,3,1,2
BRDA:65,4,0,4
BRDA:65,4,1,4
BRDA:67,5,0,1
BRDA:67,5,1,1
BRDA:69,6,0,0
BRDA:69,6,1,1
BRDA:85,7,0,0
BRDA:85,7,1,1
BRDA:106,8,0,2
BRDA:106,8,1,2
BRDA:106,9,0,4
BRDA:106,9,1,2
BRDA:108,10,0,1
BRDA:108,10,1,1
BRDA:111,11,0,0
BRDA:111,11,1,1
BRDA:142,12,0,0
BRDA:142,12,1,1
BRF:26
BRH:20
end_of_record
