TN:
SF:src/Switch.tsx
FN:37,(anonymous_8)
FN:49,toggleCheckedState
FN:55,(anonymous_10)
FNF:3
FNH:3
FNDA:19,(anonymous_8)
FNDA:5,toggleCheckedState
FNDA:9,(anonymous_10)
DA:4,1
DA:37,1
DA:38,19
DA:39,19
DA:40,19
DA:41,19
DA:42,19
DA:43,19
DA:44,19
DA:47,19
DA:50,5
DA:51,5
DA:55,19
DA:56,9
DA:57,0
DA:59,9
DA:63,19
LF:17
LH:16
BRDA:38,0,0,0
BRDA:38,0,1,19
BRDA:42,1,0,16
BRDA:42,1,1,3
BRDA:56,2,0,0
BRDA:56,2,1,9
BRDA:65,3,0,18
BRDA:65,3,1,1
BRDA:65,4,0,19
BRDA:65,4,1,19
BRDA:67,5,0,3
BRDA:67,5,1,15
BRDA:69,6,0,2
BRDA:69,6,1,1
BRDA:85,7,0,8
BRDA:85,7,1,7
BRDA:106,8,0,1
BRDA:106,8,1,18
BRDA:106,9,0,19
BRDA:106,9,1,1
BRDA:108,10,0,0
BRDA:108,10,1,1
BRDA:111,11,0,0
BRDA:111,11,1,0
BRDA:142,12,0,0
BRDA:142,12,1,1
BRF:26
BRH:20
end_of_record
